TN:
SF:script/DeployRegistryMock.s.sol
DA:29,0
FN:29,DeployRegistryMock.run
FNDA:0,DeployRegistryMock.run
DA:30,0
DA:32,0
DA:33,0
DA:34,0
DA:35,0
DA:38,0
BRDA:38,0,0,-
BRDA:38,0,1,-
DA:39,0
DA:41,0
DA:44,0
DA:46,0
DA:49,0
DA:51,0
DA:52,0
DA:53,0
DA:54,0
DA:55,0
DA:56,0
DA:58,0
DA:59,0
DA:60,0
DA:61,0
DA:62,0
FNF:1
FNH:0
LF:23
LH:0
BRF:2
BRH:0
end_of_record
TN:
SF:script/DeploySecureMultisig.s.sol
DA:12,0
FN:12,DeploySecureMultisig.run
FNDA:0,DeploySecureMultisig.run
DA:17,0
DA:20,0
DA:21,0
DA:23,0
DA:24,0
DA:27,0
DA:28,0
DA:34,0
DA:35,0
DA:39,0
DA:40,0
DA:41,0
DA:42,0
DA:43,0
DA:44,0
DA:46,0
DA:49,0
DA:63,0
DA:69,0
DA:74,0
DA:75,0
DA:76,0
DA:77,0
DA:78,0
DA:79,0
DA:80,0
DA:84,0
DA:85,0
DA:87,0
DA:93,0
DA:94,0
DA:95,0
DA:97,0
DA:100,0
DA:101,0
DA:102,0
DA:103,0
DA:104,0
DA:106,0
DA:107,0
DA:108,0
DA:109,0
DA:110,0
DA:111,0
DA:112,0
DA:113,0
DA:114,0
FNF:1
FNH:0
LF:48
LH:0
BRF:0
BRH:0
end_of_record
TN:
SF:src/AccumulatorRegistry.sol
DA:75,8
FN:75,AccumulatorRegistry.onlyAuthorizedSafe
FNDA:8,AccumulatorRegistry.onlyAuthorizedSafe
DA:76,8
BRDA:76,0,0,-
DA:80,5
FN:80,AccumulatorRegistry.onlyMultisigManager
FNDA:5,AccumulatorRegistry.onlyMultisigManager
DA:81,5
BRDA:81,1,0,2
DA:85,8
FN:85,AccumulatorRegistry.notPaused
FNDA:8,AccumulatorRegistry.notPaused
DA:86,0
BRDA:86,2,0,-
DA:90,8
FN:90,AccumulatorRegistry.validMultisigState
FNDA:8,AccumulatorRegistry.validMultisigState
DA:92,8
DA:93,8
DA:95,8
BRDA:95,3,0,-
DA:96,8
BRDA:96,4,0,-
DA:97,8
BRDA:97,5,0,-
DA:101,8
FN:101,AccumulatorRegistry.rateLimited
FNDA:8,AccumulatorRegistry.rateLimited
DA:102,8
BRDA:102,6,0,-
DA:106,85
FN:106,AccumulatorRegistry.constructor
FNDA:85,AccumulatorRegistry.constructor
DA:111,85
BRDA:111,7,0,2
DA:113,83
DA:114,83
DA:117,83
DA:118,83
DA:119,83
BRDA:119,8,0,1
DA:120,82
BRDA:120,9,0,1
DA:122,81
DA:123,81
DA:124,81
DA:125,81
DA:127,81
DA:128,81
DA:134,9
FN:134,AccumulatorRegistry.changeAuthorizedSafe
FNDA:9,AccumulatorRegistry.changeAuthorizedSafe
DA:135,9
BRDA:135,10,0,1
DA:137,8
DA:138,8
DA:141,8
DA:142,8
DA:143,8
BRDA:143,11,0,-
DA:144,8
BRDA:144,12,0,1
DA:146,7
DA:152,3
FN:152,AccumulatorRegistry.toggleEmergencyPause
FNDA:3,AccumulatorRegistry.toggleEmergencyPause
DA:153,3
DA:154,3
DA:161,8
FN:161,AccumulatorRegistry.updateAccumulator
FNDA:8,AccumulatorRegistry.updateAccumulator
DA:171,8
BRDA:171,13,0,-
DA:172,0
BRDA:172,14,0,-
DA:174,8
DA:175,8
DA:176,8
DA:177,8
DA:178,8
DA:180,8
DA:186,8
FN:186,AccumulatorRegistry.registerDevice
FNDA:8,AccumulatorRegistry.registerDevice
DA:197,8
BRDA:197,15,0,-
DA:198,0
BRDA:198,16,0,-
DA:200,8
DA:201,8
DA:202,8
BRDA:202,17,0,1
DA:203,7
BRDA:203,18,0,1
DA:205,6
DA:206,6
DA:207,6
DA:208,6
DA:209,6
DA:210,6
DA:212,6
DA:213,6
DA:219,4
FN:219,AccumulatorRegistry.revokeDevice
FNDA:4,AccumulatorRegistry.revokeDevice
DA:230,4
BRDA:230,19,0,-
DA:231,0
BRDA:231,20,0,-
DA:233,4
DA:234,4
BRDA:234,21,0,1
DA:236,3
DA:237,3
DA:238,3
DA:239,3
DA:240,3
DA:241,3
DA:243,3
DA:244,3
DA:250,9
FN:250,AccumulatorRegistry.batchRegisterDevices
FNDA:9,AccumulatorRegistry.batchRegisterDevices
DA:261,9
BRDA:261,22,0,-
DA:262,0
BRDA:262,23,0,-
DA:263,9
BRDA:263,24,0,2
DA:265,7
DA:267,7
DA:268,62
DA:269,62
DA:270,62
BRDA:270,25,0,1
DA:271,61
BRDA:271,26,0,-
DA:272,61
DA:273,61
DA:276,6
DA:277,6
DA:278,6
DA:279,6
DA:281,6
DA:287,5
FN:287,AccumulatorRegistry.batchRevokeDevices
FNDA:5,AccumulatorRegistry.batchRevokeDevices
DA:298,5
BRDA:298,27,0,-
DA:299,0
BRDA:299,28,0,-
DA:300,5
BRDA:300,29,0,2
DA:302,3
DA:304,3
DA:305,5
DA:306,5
BRDA:306,30,0,1
DA:307,4
DA:308,4
DA:311,2
DA:312,2
DA:313,2
DA:314,2
DA:316,2
DA:320,21
FN:320,AccumulatorRegistry.deviceStatus
FNDA:21,AccumulatorRegistry.deviceStatus
DA:321,21
DA:324,3
FN:324,AccumulatorRegistry.getCurrentState
FNDA:3,AccumulatorRegistry.getCurrentState
DA:333,3
DA:344,4
FN:344,AccumulatorRegistry.getSecurityInfo
FNDA:4,AccumulatorRegistry.getSecurityInfo
DA:352,4
FNF:16
FNH:16
LF:115
LH:109
BRF:31
BRH:13
end_of_record
TN:
SF:src/MultisigManager.sol
DA:80,15
FN:80,MultisigManager.onlySafe
FNDA:15,MultisigManager.onlySafe
DA:81,15
BRDA:81,0,0,-
DA:85,5
FN:85,MultisigManager.onlyEmergencyAdmin
FNDA:5,MultisigManager.onlyEmergencyAdmin
DA:86,5
BRDA:86,1,0,-
DA:90,15
FN:90,MultisigManager.notPaused
FNDA:15,MultisigManager.notPaused
DA:91,2
BRDA:91,2,0,2
DA:95,81
FN:95,MultisigManager.constructor
FNDA:81,MultisigManager.constructor
DA:100,81
DA:101,81
DA:102,81
DA:108,94
FN:108,MultisigManager.deploySafe
FNDA:94,MultisigManager.deploySafe
DA:112,94
BRDA:112,3,0,2
DA:113,92
BRDA:113,4,0,2
DA:116,90
DA:117,443
BRDA:117,5,0,1
DA:118,442
DA:119,918
BRDA:119,6,0,1
DA:124,88
DA:139,88
DA:145,88
DA:147,88
DA:148,88
DA:154,4
FN:154,MultisigManager.queueAddOwner
FNDA:4,MultisigManager.queueAddOwner
DA:155,4
DA:156,4
BRDA:156,7,0,-
DA:157,4
BRDA:157,8,0,2
DA:160,2
DA:161,6
BRDA:161,9,0,1
DA:164,1
DA:165,1
DA:173,1
DA:174,1
DA:182,1
DA:188,8
FN:188,MultisigManager.queueRemoveOwner
FNDA:8,MultisigManager.queueRemoveOwner
DA:189,8
DA:190,8
BRDA:190,10,0,1
DA:191,7
BRDA:191,11,0,2
DA:194,5
DA:195,5
DA:196,18
BRDA:196,12,0,4
DA:197,4
DA:198,0
DA:201,4
BRDA:201,13,0,1
DA:203,4
DA:204,4
DA:212,4
DA:213,4
DA:221,4
DA:227,13
FN:227,MultisigManager.queueChangeThreshold
FNDA:13,MultisigManager.queueChangeThreshold
DA:228,13
DA:229,13
BRDA:229,14,0,2
DA:231,11
DA:232,11
DA:240,11
DA:241,11
DA:249,11
DA:256,12
FN:256,MultisigManager.executeOperation
FNDA:12,MultisigManager.executeOperation
DA:257,12
DA:258,12
BRDA:258,15,0,1
DA:259,11
BRDA:259,16,0,2
DA:260,0
BRDA:260,17,0,-
DA:262,9
DA:265,9
BRDA:265,18,0,1
BRDA:265,18,1,4
DA:266,1
DA:267,1
DA:268,8
BRDA:268,19,0,4
BRDA:268,19,1,4
DA:269,4
DA:270,4
DA:271,4
BRDA:271,20,0,4
DA:272,4
DA:273,4
DA:276,9
DA:282,3
FN:282,MultisigManager.cancelOperation
FNDA:3,MultisigManager.cancelOperation
DA:283,3
DA:284,3
BRDA:284,21,0,1
DA:285,1
BRDA:285,22,0,1
DA:288,1
DA:294,5
FN:294,MultisigManager.toggleEmergencyPause
FNDA:5,MultisigManager.toggleEmergencyPause
DA:295,5
DA:296,5
DA:302,1
FN:302,MultisigManager.changeEmergencyAdmin
FNDA:1,MultisigManager.changeEmergencyAdmin
DA:303,1
DA:304,1
DA:305,1
DA:309,1
FN:309,MultisigManager._executeAddOwner
FNDA:1,MultisigManager._executeAddOwner
DA:311,1
DA:317,1
DA:324,1
BRDA:324,23,0,-
DA:327,4
FN:327,MultisigManager._executeRemoveOwner
FNDA:4,MultisigManager._executeRemoveOwner
DA:329,4
DA:330,4
BRDA:330,24,0,-
DA:333,4
DA:340,4
DA:347,4
BRDA:347,25,0,-
DA:350,4
FN:350,MultisigManager._executeChangeThreshold
FNDA:4,MultisigManager._executeChangeThreshold
DA:352,4
DA:357,4
DA:364,4
BRDA:364,26,0,-
DA:370,4
FN:370,MultisigManager._findPrevOwner
FNDA:4,MultisigManager._findPrevOwner
DA:371,4
DA:372,4
DA:374,4
BRDA:374,27,0,-
DA:375,4
BRDA:375,28,0,1
DA:377,3
DA:378,9
BRDA:378,29,0,3
DA:381,0
DA:385,1
FN:385,MultisigManager.getCurrentOwners
FNDA:1,MultisigManager.getCurrentOwners
DA:386,1
DA:389,1
FN:389,MultisigManager.getCurrentThreshold
FNDA:1,MultisigManager.getCurrentThreshold
DA:390,1
DA:393,3
FN:393,MultisigManager.isOperationPending
FNDA:3,MultisigManager.isOperationPending
DA:394,3
DA:395,3
DA:398,2
FN:398,MultisigManager.getOperationStatus
FNDA:2,MultisigManager.getOperationStatus
DA:405,2
DA:406,2
DA:407,2
DA:408,2
DA:409,2
DA:410,2
DA:416,2
FN:416,MultisigManager.getOperationData
FNDA:2,MultisigManager.getOperationData
DA:417,2
DA:418,2
BRDA:418,30,0,1
DA:419,1
FNF:21
FNH:21
LF:124
LH:121
BRF:33
BRH:24
end_of_record
TN:
SF:src/RegistryMock.sol
DA:54,0
FN:54,RegistryMock.onlyOwner
FNDA:0,RegistryMock.onlyOwner
DA:55,0
BRDA:55,0,0,-
BRDA:55,0,1,-
DA:59,0
FN:59,RegistryMock.validParentHash
FNDA:0,RegistryMock.validParentHash
DA:60,0
BRDA:60,1,0,-
BRDA:60,1,1,-
DA:64,0
FN:64,RegistryMock.constructor
FNDA:0,RegistryMock.constructor
DA:65,0
BRDA:65,2,0,-
BRDA:65,2,1,-
DA:67,0
DA:68,0
DA:69,0
DA:70,0
DA:72,0
DA:86,0
FN:86,RegistryMock.getCurrentState
FNDA:0,RegistryMock.getCurrentState
DA:91,0
DA:100,0
FN:100,RegistryMock.updateAccumulator
FNDA:0,RegistryMock.updateAccumulator
DA:105,0
BRDA:105,3,0,-
BRDA:105,3,1,-
DA:106,0
BRDA:106,4,0,-
BRDA:106,4,1,-
DA:108,0
DA:109,0
DA:110,0
DA:112,0
DA:122,0
FN:122,RegistryMock.registerDevice
FNDA:0,RegistryMock.registerDevice
DA:128,0
BRDA:128,5,0,-
BRDA:128,5,1,-
DA:129,0
BRDA:129,6,0,-
BRDA:129,6,1,-
DA:130,0
BRDA:130,7,0,-
BRDA:130,7,1,-
DA:132,0
DA:133,0
DA:134,0
DA:136,0
DA:146,0
FN:146,RegistryMock.revokeDevice
FNDA:0,RegistryMock.revokeDevice
DA:152,0
BRDA:152,8,0,-
BRDA:152,8,1,-
DA:153,0
BRDA:153,9,0,-
BRDA:153,9,1,-
DA:154,0
BRDA:154,10,0,-
BRDA:154,10,1,-
DA:156,0
DA:157,0
DA:158,0
DA:160,0
DA:167,0
FN:167,RegistryMock.transferOwnership
FNDA:0,RegistryMock.transferOwnership
DA:168,0
BRDA:168,11,0,-
BRDA:168,11,1,-
DA:169,0
BRDA:169,12,0,-
BRDA:169,12,1,-
DA:171,0
DA:172,0
DA:174,0
DA:181,0
FN:181,RegistryMock.emergencyStop
FNDA:0,RegistryMock.emergencyStop
DA:184,0
FNF:9
FNH:0
LF:44
LH:0
BRF:26
BRH:0
end_of_record
